0 info it worked if it ends with ok
1 verbose cli [ 'C:\\Program Files\\nodejs\\node.exe',
1 verbose cli   'C:\\Users\\Jessy Chung\\AppData\\Roaming\\npm\\node_modules\\npm\\bin\\npm-cli.js',
1 verbose cli   'start' ]
2 info using npm@3.10.8
3 info using node@v6.7.0
4 verbose run-script [ 'prestart', 'start', 'poststart' ]
5 info lifecycle thentia-sso@1.0.0~prestart: thentia-sso@1.0.0
6 silly lifecycle thentia-sso@1.0.0~prestart: no script for prestart, continuing
7 info lifecycle thentia-sso@1.0.0~start: thentia-sso@1.0.0
8 verbose lifecycle thentia-sso@1.0.0~start: unsafe-perm in lifecycle true
9 verbose lifecycle thentia-sso@1.0.0~start: PATH: C:\Users\Jessy Chung\AppData\Roaming\npm\node_modules\npm\bin\node-gyp-bin;C:\Github\mean-stuff\node_modules\.bin;C:\ProgramData\Oracle\Java\javapath;C:\WINDOWS\system32;C:\WINDOWS;C:\WINDOWS\System32\Wbem;C:\WINDOWS\System32\WindowsPowerShell\v1.0\;C:\jdk1.8.0_102\bin;C:\Program Files\Git\cmd;C:\Program Files (x86)\Notepad++;C:\xampp\php;C:\ProgramData\ComposerSetup\bin;C:\WINDOWS\system32\config\systemprofile\.dnx\bin;C:\Program Files\Microsoft DNX\Dnvm\;C:\Program Files\Microsoft SQL Server\130\Tools\Binn\;C:\Program Files\nodejs\;C:\Users\Jessy Chung\AppData\Roaming\Composer\vendor\bin;C:\Users\Jessy Chung\AppData\Local\Microsoft\WindowsApps;C:\Users\Jessy Chung\AppData\Roaming\npm
10 verbose lifecycle thentia-sso@1.0.0~start: CWD: C:\Github\mean-stuff
11 silly lifecycle thentia-sso@1.0.0~start: Args: [ '/d /s /c', 'tsc && concurrently "tsc -w" "lite-server" ' ]
12 silly lifecycle thentia-sso@1.0.0~start: Returned: code: 3221225786  signal: null
13 info lifecycle thentia-sso@1.0.0~start: Failed to exec start script
14 verbose stack Error: thentia-sso@1.0.0 start: `tsc && concurrently "tsc -w" "lite-server" `
14 verbose stack Exit status 3221225786
14 verbose stack     at EventEmitter.<anonymous> (C:\Users\Jessy Chung\AppData\Roaming\npm\node_modules\npm\lib\utils\lifecycle.js:255:16)
14 verbose stack     at emitTwo (events.js:106:13)
14 verbose stack     at EventEmitter.emit (events.js:191:7)
14 verbose stack     at ChildProcess.<anonymous> (C:\Users\Jessy Chung\AppData\Roaming\npm\node_modules\npm\lib\utils\spawn.js:40:14)
14 verbose stack     at emitTwo (events.js:106:13)
14 verbose stack     at ChildProcess.emit (events.js:191:7)
14 verbose stack     at maybeClose (internal/child_process.js:877:16)
14 verbose stack     at Process.ChildProcess._handle.onexit (internal/child_process.js:226:5)
15 verbose pkgid thentia-sso@1.0.0
16 verbose cwd C:\Github\mean-stuff
17 error Windows_NT 10.0.14393
18 error argv "C:\\Program Files\\nodejs\\node.exe" "C:\\Users\\Jessy Chung\\AppData\\Roaming\\npm\\node_modules\\npm\\bin\\npm-cli.js" "start"
19 error node v6.7.0
20 error npm  v3.10.8
21 error code ELIFECYCLE
22 error thentia-sso@1.0.0 start: `tsc && concurrently "tsc -w" "lite-server" `
22 error Exit status 3221225786
23 error Failed at the thentia-sso@1.0.0 start script 'tsc && concurrently "tsc -w" "lite-server" '.
23 error Make sure you have the latest version of node.js and npm installed.
23 error If you do, this is most likely a problem with the thentia-sso package,
23 error not with npm itself.
23 error Tell the author that this fails on your system:
23 error     tsc && concurrently "tsc -w" "lite-server"
23 error You can get information on how to open an issue for this project with:
23 error     npm bugs thentia-sso
23 error Or if that isn't available, you can get their info via:
23 error     npm owner ls thentia-sso
23 error There is likely additional logging output above.
24 verbose exit [ 1, true ]
